<?xml version="1.0" encoding="UTF-8"?>
<testsuite name="services.checkout.payment" tests="9" failures="3" errors="0" skipped="0" time="12.483">
  <testcase classname="services.checkout.test_payment" name="test_authorize_card_success" time="0.833"/>
  <testcase classname="services.checkout.test_payment" name="test_declined_card_maps_to_user_error" time="1.122">
    <failure message="expected HTTP 402 but got HTTP 500 from payment gateway adapter">AssertionError: expected status 402, got 500
request_id=req-41a6d3e0 gateway=stripe sandbox profile=declined-card
left: PaymentDeclined
right: InternalServerError</failure>
  </testcase>
  <testcase classname="services.checkout.test_payment" name="test_idempotency_key_reuse" time="2.418">
    <failure message="duplicate capture created for existing idempotency key">AssertionError: expected one capture event but found two rows in payment_capture_events
customer_id=cus_100021 payment_intent=pi_898234 idempotency_key=checkout-20260513-2230</failure>
  </testcase>
  <testcase classname="services.checkout.test_invoice" name="test_invoice_total_includes_tax" time="1.934">
    <failure message="invoice total mismatch">Decimal('126.90') != Decimal('129.44') after applying tax region CA-ON and promotion SPRING-15</failure>
  </testcase>
  <testcase classname="services.checkout.test_invoice" name="test_invoice_pdf_generated" time="0.728"/>
  <testcase classname="services.checkout.test_cart" name="test_cart_lock_released_after_timeout" time="1.006"/>
  <testcase classname="services.checkout.test_cart" name="test_cart_price_snapshot" time="1.731"/>
  <testcase classname="services.checkout.test_discount" name="test_coupon_once_per_customer" time="1.553"/>
  <testcase classname="services.checkout.test_discount" name="test_coupon_expired" time="1.158"/>
</testsuite>
