gh run view 105 --log
::group::Python tests
Run pytest tests -q
============================= test session starts =============================
collected 128 items
tests/test_health.py ................................
tests/test_users.py ................F...............
tests/test_billing.py ..............................
FAILED tests/test_users.py::test_duplicate_email
E   AssertionError: duplicate email should return 409
::error file=tests/test_users.py,line=88::duplicate email should return 409
================== 1 failed, 127 passed in 18.22s ==================
Process completed with exit code 1
::endgroup::
